2020-12-19 15:25:02.050598 MODE: DECRYPT -----------------------------------------------------------------
2020-12-19 15:25:02.050598 C:/Users/pmvug/PycharmProjects/basecrypt/test.txt FILE DOESN'T EXISTS. SKIPPED
2020-12-19 15:25:02.051598 C:/Users/pmvug/PycharmProjects/basecrypt/data/superpassword.txt OK IN ~0.0s
2020-12-19 15:25:02.051598 OK. Total time ~0.001s --------------------------------------------------------
2020-12-19 15:27:57.646244 MODE: DECRYPT -----------------------------------------------------------------
2020-12-19 15:27:57.647255 C:/Users/pmvug/PycharmProjects/basecrypt/test.txt FILE DOESN'T EXISTS. SKIPPED
2020-12-19 15:27:57.647255 C:/Users/pmvug/PycharmProjects/basecrypt/data/superpassword.txt OK IN ~0.0s
2020-12-19 15:27:57.648245 OK. Total time ~0.002s --------------------------------------------------------
2021-01-07 12:08:18.644738 MODE: ENCRYPT -----------------------------------------------------------------
2021-01-07 12:10:10.096962 MODE: ENCRYPT -----------------------------------------------------------------
2021-01-07 12:10:27.375637 MODE: ENCRYPT -----------------------------------------------------------------
2021-01-07 12:11:28.860224 MODE: ENCRYPT -----------------------------------------------------------------
2021-01-07 12:14:46.590430 MODE: ENCRYPT -----------------------------------------------------------------
2021-01-07 12:15:41.255044 MODE: ENCRYPT -----------------------------------------------------------------
2021-01-07 12:16:04.450079 MODE: ENCRYPT -----------------------------------------------------------------
2021-01-07 12:16:34.129800 MODE: ENCRYPT -----------------------------------------------------------------
2021-01-07 12:17:04.415461 MODE: ENCRYPT -----------------------------------------------------------------
2021-01-07 12:17:54.852789 MODE: ENCRYPT -----------------------------------------------------------------
2021-01-07 12:18:12.611886 MODE: ENCRYPT -----------------------------------------------------------------
2021-01-07 12:19:07.604144 MODE: ENCRYPT -----------------------------------------------------------------
2021-01-07 12:20:22.193852 MODE: ENCRYPT -----------------------------------------------------------------
2021-01-07 12:22:32.216791 MODE: ENCRYPT -----------------------------------------------------------------
2021-01-07 12:26:10.910608 MODE: ENCRYPT -----------------------------------------------------------------
2021-01-07 12:26:54.949245 MODE: ENCRYPT -----------------------------------------------------------------
2021-01-07 12:27:15.756054 MODE: ENCRYPT -----------------------------------------------------------------
2021-01-07 12:27:18.354843 MODE: ENCRYPT -----------------------------------------------------------------
2021-01-07 12:29:05.941257 MODE: ENCRYPT -----------------------------------------------------------------
2021-01-07 12:29:10.564061 MODE: ENCRYPT -----------------------------------------------------------------
